<?xml version="1.0" encoding="UTF-8"?>
<testng-results skipped="0" failed="0" total="1" passed="1">
  <reporter-output>
  </reporter-output>
  <suite name="Default suite" duration-ms="23977" started-at="2019-06-28T08:58:34Z" finished-at="2019-06-28T08:58:58Z">
    <groups>
    </groups>
    <test name="Default test" duration-ms="23977" started-at="2019-06-28T08:58:34Z" finished-at="2019-06-28T08:58:58Z">
      <class name="com.Banking2.TC_Login_001">
        <test-method status="PASS" signature="setUp()[pri:0, instance:com.Banking2.TC_Login_001@6aaa5eb0]" name="setUp" is-config="true" duration-ms="6771" started-at="2019-06-28T14:28:34Z" finished-at="2019-06-28T14:28:41Z">
          <reporter-output>
          </reporter-output>
        </test-method> <!-- setUp -->
        <test-method status="PASS" signature="loginTest()[pri:0, instance:com.Banking2.TC_Login_001@6aaa5eb0]" name="loginTest" duration-ms="16413" started-at="2019-06-28T14:28:41Z" finished-at="2019-06-28T14:28:57Z">
          <reporter-output>
          </reporter-output>
        </test-method> <!-- loginTest -->
        <test-method status="PASS" signature="tearDown()[pri:0, instance:com.Banking2.TC_Login_001@6aaa5eb0]" name="tearDown" is-config="true" duration-ms="779" started-at="2019-06-28T14:28:57Z" finished-at="2019-06-28T14:28:58Z">
          <reporter-output>
          </reporter-output>
        </test-method> <!-- tearDown -->
      </class> <!-- com.Banking2.TC_Login_001 -->
    </test> <!-- Default test -->
  </suite> <!-- Default suite -->
</testng-results>
