<?xml version="1.0" encoding="UTF-8"?>
<!-- Generated by org.testng.reporters.JUnitXMLReporter -->
<testsuite hostname="ADMINRG-9AUVRP9" name="Test" tests="1" failures="1" timestamp="28 Jun 2019 09:11:08 GMT" time="18.824" errors="0">
  <testcase name="loginTest" time="6.528" classname="com.BankingApplication.testCases.TC_Login_001">
    <failure type="java.lang.AssertionError" message="expected [true] but found [false]">
      <![CDATA[java.lang.AssertionError: expected [true] but found [false]
	at com.BankingApplication.testCases.TC_Login_001.loginTest(TC_Login_001.java:36)
... Removed 28 stack frames]]>
    </failure>
  </testcase> <!-- loginTest -->
</testsuite> <!-- Test -->
